<?xml version="1.0" encoding="UTF-8"?>
<!-- Generated by org.testng.reporters.JUnitReportReporter -->
<testsuite hostname="MacBook-Pro-11737.local" failures="0" tests="1" name="academy.HomePage" time="8.540" errors="0" timestamp="2022-05-11T11:27:33 EDT" skipped="0">
  <testcase classname="academy.HomePage" name="basePageNavigation" time="8.540"/>
  <system-out/>
</testsuite> <!-- academy.HomePage -->
